*** Using Compiler 'V5.06 update 7 (build 960)', folder: 'E:\KEIL\KEIL5\ARM\ARMCC\Bin'
Rebuild target 'project'
compiling Middle_RTC.c...
compiling Application_ReceiveBlower.c...
compiling Application_Main.c...
compiling Application_MaskDetection.c...
compiling Middle_BreatheStage.c...
compiling Middle_Blower.c...
compiling Middle_ComfortFunction.c...
compiling Middle_Pressure.c...
compiling Middle_Flow.c...
compiling Middle_TestMask.c...
compiling Middle_Alarm.c...
compiling Middle_PID.c...
compiling Application_ControlBlower.c...
compiling Application_Machine_OnOff.c...
compiling Application_Calibration.c...
compiling Middle_Parameter.c...
compiling Middle_Key.c...
compiling Middle_Timer.c...
compiling Middle_Flash.c...
compiling Middle_TestPower.c...
compiling Driver_Key.c...
compiling Driver_Flash.c...
compiling Middle_WatchDog.c...
compiling Driver_Timer.c...
compiling Driver_RTC.c...
compiling Driver_Pressure.c...
compiling Middle_RGB.c...
compiling Driver_Blower.c...
compiling Middle_Voice.c...
compiling Driver_Voice.c...
compiling Middle_EEPROM.c...
compiling Driver_SDP31.c...
compiling Driver_GZP6891D.c...
compiling Driver_EEPROM.c...
compiling Driver_RGB.c...
compiling Driver_TestPower.c...
compiling Use_Struct.c...
compiling Add_Function.c...
compiling croutine.c...
compiling list.c...
compiling event_groups.c...
compiling FreeRTOS_Define.c...
compiling stream_buffer.c...
compiling timers.c...
compiling queue.c...
compiling heap_4.c...
compiling port.c...
compiling stm32f4xx_it.c...
compiling tasks.c...
compiling misc.c...
compiling stm32f4xx_adc.c...
compiling stm32f4xx_can.c...
compiling stm32f4xx_cec.c...
compiling stm32f4xx_crc.c...
compiling stm32f4xx_cryp.c...
compiling stm32f4xx_cryp_des.c...
compiling stm32f4xx_dac.c...
compiling stm32f4xx_cryp_tdes.c...
compiling stm32f4xx_dbgmcu.c...
compiling stm32f4xx_dcmi.c...
compiling stm32f4xx_dfsdm.c...
compiling stm32f4xx_cryp_aes.c...
compiling stm32f4xx_dma2d.c...
compiling stm32f4xx_dma.c...
compiling stm32f4xx_dsi.c...
compiling stm32f4xx_exti.c...
compiling stm32f4xx_flash_ramfunc.c...
compiling stm32f4xx_flash.c...
compiling stm32f4xx_fmpi2c.c...
compiling stm32f4xx_gpio.c...
compiling stm32f4xx_hash_md5.c...
compiling stm32f4xx_hash_sha1.c...
compiling stm32f4xx_hash.c...
compiling stm32f4xx_i2c.c...
compiling stm32f4xx_lptim.c...
compiling stm32f4xx_iwdg.c...
compiling stm32f4xx_ltdc.c...
compiling stm32f4xx_qspi.c...
compiling stm32f4xx_pwr.c...
compiling stm32f4xx_rng.c...
assembling startup_stm32f446xx.s...
compiling stm32f4xx_rcc.c...
compiling stm32f4xx_rtc.c...
compiling stm32f4xx_sai.c...
compiling stm32f4xx_sdio.c...
compiling stm32f4xx_syscfg.c...
compiling stm32f4xx_spdifrx.c...
compiling stm32f4xx_spi.c...
compiling stm32f4xx_usart.c...
compiling stm32f4xx_wwdg.c...
compiling systick.c...
compiling system_stm32f4xx.c...
compiling stm32f4xx_tim.c...
linking...
Program Size: Code=25832 RO-data=500 RW-data=280 ZI-data=104672  
FromELF: creating hex file...
".\Objects\project.axf" - 0 Error(s), 0 Warning(s).
Build Time Elapsed:  00:00:08
