C51 COMPILER V9.00   WDT                                                                   01/15/2025 09:25:09 PAGE 1   


C51 COMPILER V9.00, COMPILATION OF MODULE WDT
OBJECT MODULE PLACED IN .\Debug\WDT.obj
COMPILER INVOKED BY: E:\KEIL\KEIL4\C51\BIN\C51.EXE ..\User\source\Hardware\WDT.c LARGE OMF2 BROWSE INCDIR(..\FU68xx_Hard
                    -ware_Driver\Include;..\User\include) DEBUG PRINT(.\Listings\WDT.lst) OBJECT(.\Debug\WDT.obj)

line level    source

   1          /* --------------------------- (C) COPYRIGHT 2021 Fortiortech ShenZhen -----------------------------
   2              File Name      : WDTInit.c
   3              Author         : Lewis.wang
   4              Version        : V1.0
   5              Date           : 2021-12-07
   6              Description    : This file contains WDT function used for Motor Control.
   7          ----------------------------------------------------------------------------------------------------  
   8                                                 All Rights Reserved
   9          ------------------------------------------------------------------------------------------------- */
  10          #include <MyProject.h>
  11          #include <FU68xx_4_MCU.h>
  12          
  13          /* -------------------------------------------------------------------------------------------------
  14              Function Name  : WatchDogConfig
  15              Description    : 看门狗初始化配置函数
  16              Date           : 2021-12-07
  17              Parameter      : wdtArrValue: [输入]:wdtArrValueValue--定时时间
  18          ------------------------------------------------------------------------------------------------- */
  19          void WatchDogConfig(uint16 wdtArrValue)
  20          {
  21   1          SetBit(CCFG1, WDT_EN);                                                      //看门狗使能
  22   1          WDT_ARR = ((uint16)(65532 - (uint32)wdtArrValue * 32768 / 1000) >> 8);
  23   1          ClrBit(WDT_CR, WDTF);                                                       //看门狗复位标志清
             -零
  24   1          SetBit(WDT_CR, WDTRF);                                                      //看门狗初始化
  25   1      }


MODULE INFORMATION:   STATIC OVERLAYABLE
   CODE SIZE        =     47    ----
   CONSTANT SIZE    =   ----    ----
   XDATA SIZE       =   ----    ----
   PDATA SIZE       =   ----    ----
   DATA SIZE        =   ----    ----
   IDATA SIZE       =   ----    ----
   BIT SIZE         =   ----    ----
   EDATA SIZE       =   ----    ----
   HDATA SIZE       =   ----    ----
   XDATA CONST SIZE =   ----    ----
   FAR CONST SIZE   =   ----    ----
END OF MODULE INFORMATION.


C51 COMPILATION COMPLETE.  0 WARNING(S),  0 ERROR(S)
