5617
5626
5641
5739
5716
5693
5704
5701
5670
5661
5696
5608
5764
5753
5736
5739
5747
5727
5707
5693
5667
5661
5499
5549
5511
5490
5466
5481
5442
5424
5418
5415
5185
4971
4938
4779
4710
4647
4448
4118
3952
3764
3328
2676
1896
1776
1268
-1217
-2131
-2723
-2791
-3045
-3574
-4181
-4525
-4550
-4590
-4615
-4643
-4664
-4682
-4664
-4650
-4636
-4611
-4572
-4459
-4236
-4150
-4086
-3944
-3891
-3842
-3793
-3734
-3687
-3557
-3476
-3412
-3351
-3285
-3132
-3045
-2961
-2774
-2652
-2555
-2474
-2383
-2295
-2204
-2109
-1871
-1713
-1588
-1454
-1341
-1230
-1137
-1020
-814
589
1443
1637
1802
2086
2246
2370
2448
2814
3379
4181
4615
5226
5226
5232
5242
5354
5623
5643
5787
5813
5799
5623
5617
5620
5649
5632
5664
5646
5555
5588
5719
5687
5532
5478
5360
5387
5390
5366
5523
5529
5378
5326
5335
5341
5341
5220
5191
5070
5040
5027
4851
4593
4529
4507
4275
3743
3265
3177
2913
2409
1675
-1217
-2622
-3328
-3936
-3871
-3805
-4098
-4422
-4470
-4529
-4572
-4608
-4622
-4640
-4654
-4661
-4661
-4643
-4611
-4568
-4455
-4263
-4189
-4138
-3999
-3944
-3883
-3822
-3687
-3610
-3444
-3342
-3172
-3066
-2972
-2880
-2688
-2568
-2461
-2370
-2295
-2211
-2124
-2033
-1794
-1637
-1486
-1364
-1243
-1109
-888
435
1398
1538
1666
1776
1879
1994
2253
2652
2723
2972
3056
3313
3644
4094
4786
4779
4885
5134
5614
5611
5605
5620
5646
5690
5710
5716
5724
5716
5824
5810
5787
5824
5793
5673
5511
5526
5511
5484
5454
5493
5532
5526
5427
5430
5408
5363
5363
5372
5363
5338
5335
5313
5313
5108
4807
4514
3826
3152
3142
2935
2383
1004
-2260
-3177
-3709
-3713
-3830
-4118
-4174
-4217
-4244
-4236
-4213
-4185
-4170
-4138
-4110
-3991
-3960
-3912
-3793
-3730
-3666
-3605
-3543
