2574
2586
2640
2670
2676
2751
2929
2977
3009
3061
3137
3172
3187
3212
3222
3236
3231
3280
3304
3342
3375
3416
3588
3217
3270
3476
3426
3407
3416
3426
3439
3462
3521
3521
3534
3557
3588
3588
3614
3605
3631
3614
3640
3772
3776
3838
3776
3743
3747
3755
3596
3539
3534
3389
3623
3721
3759
3928
4290
4340
4470
4831
4817
4848
4878
4908
5141
5169
5179
5176
5344
5298
5344
5363
5594
5603
5620
5573
5591
5603
5617
5597
5588
5585
5591
5585
5603
5696
5673
5638
5632
5641
5614
5617
5646
5641
5649
5643
5620
5617
5591
5579
5603
5499
5451
5496
5378
5360
5172
5198
5044
4776
4110
3256
2416
1050
1020
-589
-1802
-2518
-3289
-3772
-3772
-3768
-3772
-3772
-3768
-3764
-3764
-3734
-3717
-3574
-3294
-2717
-2001
-2025
-1954
-1863
-1341
-1256
-1243
-1421
-1243
-1065
532
589
870
1095
1178
1329
1375
1475
1548
1588
1896
2048
2124
2239
2302
2295
2574
2592
2616
2705
2757
2734
2728
2717
2751
2786
2808
2808
2988
3035
3081
3081
3142
3142
3147
3122
3107
3132
3127
3172
3152
3157
3351
3416
3439
3503
3499
3485
3467
3462
3421
3379
3430
3444
3444
3444
3476
3471
3512
3521
3521
3494
3494
3471
3476
3467
3430
3403
3407
3430
3640
3644
3666
3713
3709
3713
3920
3692
3700
4098
4158
4174
4240
4444
4474
4539
4731
4759
4985
5248
5191
5210
5242
5292
5338
5381
5390
5372
5251
5226
5335
5384
5408
5399
5544
5523
5632
5399
5762
5753
5750
5742
6034
5681
5641
5652
5635
5532
5520
5561
5684
5661
5635
5635
5617
5499
5220
5217
5089
4895
5217
5160
5099
4988
4636
3964
3226
2383
1204
1191
-177
-1863
-2814
-3583
-3627
-3675
-3649
-3653
-3683
-3670
-3666
-3657
-3605
-3557
-3309
-2634
-1954
-1863
-1811
-1432
-1352
-1364
-1432
-1329
469
640
923
774
851
939
939
1137
1256
1387
1475
1528
1618
1694
1685
2025
2086
2168
2274
2295
2349
2403
2646
2676
2902
2929
2951
2908
2864
2825
2864
2929
2977
2983
3014
2988
3030
3061
3112
3157
3127
3147
3192
3407
3416
3398
3361
3309
3323
3294
3323
3285
3318
3494
3561
3548
3476
3481
3467
3499
3503
3490
3467
3508
3485
3503
3512
3548
3543
3561
3557
3700
3640
3596
3588
3592
3579
3596
3539
3539
3539
3548
3687
3768
4086
4455
4810
4820
4783
4817
4848
4888
4878
4991
5027
5079
5125
5261
5298
5317
5472
5439
5547
5541
5649
5585
5632
5493
5475
5496
5649
5816
5597
5649
5605
5727
5719
5684
5684
5661
5782
5799
5561
5514
5626
5418
5424
5532
5511
5378
5326
5304
5289
5289
5147
4962
4905
4643
3952
2864
1758
1647
1004
-1637
-2302
-3261
-3323
-3534
-3601
-3653
-3713
-3717
-3570
-3644
-3644
-3601
-3412
-2961
-2040
-1904
-1588
-1656
-1703
-1731
-1703
-1628
-1568
-1217
-972
-710
833
1137
1656
1628
1731
1785
1828
1837
1913
1978
2017
2116
2182
2218
2239
2239
2316
2316
2322
2329
2349
2376
2422
2467
2524
2580
2598
2640
2670
2705
2875
2929
2961
2993
2983
3014
3040
3040
3231
3304
3313
3375
3403
3403
3398
3426
3430
3453
3449
3458
3407
3384
3398
3435
3435
3430
3421
3462
3449
3435
3490
3490
3499
3503
3512
3499
3539
3530
3530
3561
3548
3596
3605
3574
3596
3614
3627
3759
3717
3875
3952
4110
4313
4336
4579
4643
4938
4915
4978
5125
5369
5341
5341
5381
5421
5457
5442
5292
5286
5335
5338
5457
5699
5635
5638
5646
5756
5701
5670
5690
5658
5693
5684
5687
5678
5649
5646
5454
5678
5632
5466
5418
