-732
-589
-397
-177
307
589
710
888
1004
1065
1137
1204
1268
1305
1387
1432
1486
1507
1558
1578
1598
1598
1637
1685
1722
1749
1776
1794
1811
1811
1794
1828
1888
1904
1904
1888
1896
1904
1888
1888
1896
1937
1954
1962
1986
1994
2017
2025
2040
2056
2048
2025
2025
2033
2040
2040
2048
2048
2025
2040
2094
2153
2197
2274
2537
2875
2940
3132
3187
3217
3426
3485
3640
3670
3700
3709
3751
3801
3809
3855
3879
3904
3928
3960
3964
3960
3980
4209
4166
4166
4146
4170
4185
4170
4189
4158
4174
4189
4158
4154
4118
4090
3968
3920
3899
3879
3879
3851
3814
3601
3275
3162
2858
2435
2309
1794
615
-1528
-1703
-2079
-2658
-3241
-3738
-3738
-3726
-3696
-3657
-3605
-3462
-3172
-3066
-2977
-2891
-2808
-2723
-2640
-2555
-2480
-2403
-2322
-2253
-2182
-2131
-2071
-2017
-1954
-1896
-1811
-1758
-1694
-1628
-1548
-1475
-1375
-1280
-1204
-1123
-1020
-923
-774
-664
-469
-251
307
502
664
774
870
939
1020
1080
1137
1178
1230
1293
1329
1421
1496
1507
1558
1598
1628
1656
1666
1731
1758
1794
1811
1837
1837
1846
1871
1863
1863
1879
1937
1921
1913
1913
1913
1929
1945
1970
1970
1970
1978
1978
1986
1986
2017
2001
2017
2025
2048
2056
2025
2033
2009
1994
2025
2071
2109
2182
2246
2329
2561
2977
3092
3152
3332
3416
3574
3592
3627
3834
3809
3834
3887
3887
3928
3916
3912
3924
3956
3988
4118
4138
4162
4146
4166
4178
4170
4158
4142
4126
4110
4118
3995
4094
3995
3960
3936
3932
3899
3855
3738
3713
3679
3618
3462
3407
3202
2763
2161
2001
1598
0
-1588
-1740
-2101
-2670
-3270
-3743
-3747
-3734
-3704
-3666
-3610
-3462
-3177
-3081
-2983
-2891
-2803
-2717
-2634
-2555
-2474
-2396
-2316
-2246
-2182
-2124
-2063
-2017
-1970
-1921
-1863
-1802
-1731
-1647
-1568
-1475
-1387
-1305
-1191
-1095
-1004
-888
-794
-687
-469
0
355
502
664
794
939
1035
1137
1178
1217
1243
1305
1387
1443
1496
1578
1608
1637
1675
1713
1731
1731
1776
1854
1871
1871
1888
1871
1896
1896
1954
1978
1970
1978
1962
1937
1945
1962
1962
1970
1986
1962
2009
2001
2009
1994
1994
2009
2033
2040
2056
2056
2086
2063
2101
2094
2094
2086
2109
2146
2376
2442
2682
2746
2825
3019
3097
3280
3351
3361
3644
3683
3830
3793
3818
3972
3956
3960
3976
3952
3936
3944
3964
3964
3964
3984
4090
4232
4185
4162
4166
4122
4134
4138
4122
4086
3972
3960
3980
3988
3964
3920
3895
3859
3818
3687
3644
3481
3430
3187
2836
2322
1329
1137
397
-1329
-1578
-2048
-2652
-3280
-3730
-3734
-3730
-3700
-3657
-3530
-3444
-3270
-2988
-2886
-2791
-2699
-2616
-2537
-2461
-2389
-2316
-2246
-2182
-2116
-2071
-2017
-1970
-1921
-1863
-1811
-1749
-1685
-1608
-1548
-1475
-1398
-1329
-1243
-1164
-1065
-972
-888
-753
-640
-469
0
251
469
664
753
851
923
1050
1123
1191
1305
1387
1432
1507
1548
1568
1588
1618
1637
1675
1713
1731
1767
1794
1837
1846
1854
1871
1896
1879
1896
1896
1904
1904
1904
1904
1929
1945
1962
1945
1945
1954
1970
1994
2001
2025
2017
2017
2025
2040
2033
2025
2025
2009
2017
2001
2025
2048
2116
2182
2260
2474
2897
2951
3162
3177
3187
3256
3467
3530
3692
3768
3780
3834
3818
3842
3855
3867
3895
3932
3916
3936
3972
3995
4086
4110
4118
4122
4130
4106
4114
3995
3991
3999
3879
3932
3883
3924
3883
3859
3855
3822
3826
3809
3764
3605
3588
3332
2988
2389
2316
2017
1268
-1004
-1268
-1656
-2218
