-2658
-2628
-2574
-2518
-2322
-2267
-2190
-2109
-2063
-1994
-1731
-1608
-1486
-1398
-1293
-1123
-1035
-923
-814
-561
-397
307
664
833
956
1095
1178
1256
1341
1443
1538
1618
1888
1970
1994
2001
2017
2048
2124
2168
2232
2267
2288
2356
2435
2461
2499
2530
2580
2598
2628
2658
2646
2688
2728
2763
2786
2825
2836
2858
2864
2886
2886
2858
2875
2897
2924
2908
2880
2853
2875
2886
2891
2869
2886
2929
2935
2977
2988
2983
2983
2988
3035
3045
3035
3030
3009
3009
2956
2977
2956
2998
3051
3087
3361
3627
3687
3692
3747
3789
3932
4248
4279
4340
4400
4682
4657
4689
4717
4710
4820
4848
4717
4759
4898
4908
4935
5050
5057
5034
4988
5034
5073
5089
5099
5089
5099
5086
5076
5182
5004
4928
4918
4915
4878
4851
4727
4703
4679
4647
4629
4611
4478
4232
4154
3887
3801
3579
3157
2574
1280
-1568
-1578
-1608
-1871
-2349
-2847
-2935
-2951
-2945
-2924
-2891
-2842
-2803
-2763
-2717
-2670
-2616
-2580
-2543
-2512
-2455
-2403
-2182
-2079
-1962
-1675
-1578
-1421
-1268
-1137
-1035
-251
177
561
732
905
972
1109
1230
1293
1409
1475
1528
1568
1647
1713
1758
1794
1846
1863
1846
1904
2182
2211
2267
2295
2295
2288
2309
2343
2416
2435
2505
2530
2549
2574
2592
2616
2664
2699
2728
2723
2780
2814
2842
2853
2842
2880
2902
2902
2929
2972
2945
2956
2967
2956
2972
2972
2977
2998
2988
2998
3009
2983
2988
2993
2983
2967
2983
3014
3040
3030
3056
3051
3035
3051
3045
3045
3071
3241
3618
3679
3704
3675
3855
3912
3976
4110
4166
4217
4263
4400
4452
4626
4824
4834
4858
4854
4865
4848
4837
4831
4844
4965
5008
5021
4995
5034
5021
4988
5001
4998
4861
5073
4810
4878
4881
4895
4875
4881
4841
4800
4675
4640
4636
4615
4481
4426
4221
4197
3960
3627
3666
3435
3056
2168
1178
-1568
-1578
-1785
-2190
-2664
-2791
-2853
-2875
-2869
-2847
-2814
-2786
-2757
-2740
-2717
-2688
-2664
-2628
-2574
-2524
-2455
-2383
-2153
-2048
-1929
-1904
-1628
-1464
-1305
-1204
-1035
-923
-753
-589
-397
177
589
794
939
1080
1164
1507
1647
1703
1713
1731
1802
1794
1863
1945
2025
2086
2116
2182
2211
2403
2442
2537
2574
2592
2646
2664
2682
2658
2670
2723
2728
2728
2734
2734
2705
2740
2774
2780
2803
2808
2842
2836
2847
2869
2869
2875
2886
2891
2913
2935
2935
2956
2956
2956
2935
2935
2935
2929
2902
2918
2945
2951
2988
3004
3009
3019
3066
3061
3061
3066
3087
3122
3167
3323
3375
3416
3561
3863
3859
4106
4158
4213
4385
4366
4392
4452
4618
4689
4935
4908
4915
4905
4912
4935
4968
4965
4985
4971
5076
5076
5105
5083
5044
5034
4995
4962
5102
4881
4938
4938
4881
4902
4898
4935
4908
4878
4745
4752
4734
4568
4572
4529
4374
4437
4377
4158
3687
3152
2363
1293
1268
851
-1454
-2281
-2913
-2929
-2977
-2988
-2983
-2956
-2924
-2897
-2847
-2803
-2763
-2717
-2682
-2634
-2580
-2524
-2474
-2416
-2343
-2274
-2197
-2139
-1837
-1731
-1637
-1507
-1398
-1268
-1123
-469
-251
307
561
687
794
923
1050
1164
1293
1421
1486
1578
1618
1694
1749
1828
1913
1978
2048
2139
2153
2168
2190
2218
2239
2322
2383
2568
2658
2682
2688
2705
2717
2757
2774
2780
2825
2808
2836
2847
2864
2842
2864
2864
2853
2847
2875
2891
2940
2956
2972
2956
2956
2956
2967
2977
3004
3014
3009
3019
3019
3025
2998
3009
2998
3004
2998
3004
2993
2998
3030
3019
3014
3040
3097
3122
3142
3197
3375
3649
4146
4126
