3640
3653
3653
3666
3662
3644
3670
3687
3670
3675
3657
3649
3653
3618
3605
3588
3566
3552
3530
3512
3494
3467
3426
3393
3256
3192
3132
2875
2448
1713
1538
1065
-794
-1178
-1731
-2416
-3066
-3623
-4178
-4178
-4174
-4162
-4142
-3928
-3662
-3566
-3403
-3309
-3226
-3056
-2956
-2875
-2786
-2705
-2628
-2549
-2467
-2389
-2302
-2225
-2146
-2063
-1986
-1913
-1837
-1767
-1703
-1637
-1578
-1528
-1475
-1421
-1375
-1329
-1268
-1204
-1151
-1080
-1020
-956
-888
-814
-753
-640
-532
-397
0
355
435
561
589
710
774
851
888
956
989
1020
1035
1080
1095
1109
1151
1178
1191
1230
1243
1268
1293
1317
1329
1329
1329
1329
1352
1352
1387
1398
1443
1454
1464
1454
1454
1496
1496
1496
1496
1507
1496
1496
1475
1475
1464
1464
1464
1486
1496
1517
1517
1528
1558
1608
1675
1767
2017
2153
2499
2561
2634
2728
2902
2945
3019
3045
3261
3566
3570
3543
3499
3521
3543
3561
3583
3548
3534
3543
3534
3588
3588
3601
3596
3721
3730
3687
3700
3734
3780
3776
3826
3797
3776
3759
3726
3709
3666
3666
3526
3467
3458
3407
3342
3289
3231
2998
2658
2063
1164
1004
774
-589
-1548
-2302
-2913
-3453
-3458
-3605
-3809
-3830
-3822
-3793
-3738
-3675
-3534
-3280
-3202
-3122
-3040
-2961
-2886
-2814
-2740
-2664
-2586
-2396
-2274
-2175
-2086
-2001
-1921
-1854
-1776
-1713
-1647
-1588
-1528
-1475
-1432
-1387
-1329
-1280
-1230
-1191
-1151
-1095
-1020
-956
-905
-814
-732
-640
-532
-435
-251
307
435
532
615
710
794
851
905
972
1020
1050
1065
1109
1137
1151
1204
1243
1268
1293
1305
1305
1293
1293
1305
1305
1317
1364
1387
1398
1375
1387
1398
1398
1409
1432
1432
1421
1409
1409
1454
1475
1454
1454
1454
1475
1475
1475
1475
1496
1496
1475
1486
1486
1528
1588
1637
1740
1820
2109
2580
2634
2694
2791
2836
3061
3122
3177
3192
3226
3236
3265
3299
3304
3332
3481
3526
3601
3614
3623
3631
3631
3649
3670
3696
3683
3679
3704
3704
3700
3713
3683
3670
3666
3657
3644
3605
3596
3566
3570
3543
3403
3361
3318
3294
3236
3172
3132
3071
2847
2260
1637
-251
-615
-870
-1432
-2197
-2918
-3490
-4098
-4102
-4102
-4094
-3995
-3972
-3838
-3583
-3265
-3212
-3152
-3087
-3019
-2951
-2875
-2803
-2728
-2549
-2442
-2349
-2253
-2168
-2079
-2001
-1929
-1863
-1785
-1722
-1656
-1598
-1548
-1496
-1443
-1398
-1352
-1317
-1268
-1217
-1164
-1109
-1035
-989
-905
-814
-753
-664
-532
-397
-177
251
435
532
640
710
774
794
833
870
923
989
989
1020
1050
1065
1123
1151
1204
1204
1217
1230
1293
1329
1352
1364
1375
1375
1387
1387
1387
1409
1421
1432
1432
1454
1432
1432
1432
1454
1454
1464
1475
1475
1475
1507
1507
1496
1496
1496
1528
1517
1496
1496
1538
1628
1713
1802
1904
2190
2610
2664
2682
2769
2864
2902
2972
3040
3056
3081
3117
3285
3323
3318
3337
3503
3834
3842
3797
3653
3649
3662
3696
3709
3692
3653
3640
3675
3666
3683
3675
3679
3709
3692
3670
3623
3592
3557
3412
3398
3379
3342
3323
3337
3309
3289
3265
3102
2746
2204
2048
1703
814
-251
-1178
-1929
-2610
-3202
-3730
-3738
-3747
-3759
-3764
-3755
-3738
-3709
-3583
-3332
-3246
-3162
-3092
-3019
-2940
-2869
-2791
-2717
-2537
-2422
-2322
-2225
-2139
-2056
-1978
-1904
-1837
-1767
-1694
-1637
-1578
-1517
-1464
-1421
-1375
-1341
-1293
-1230
-1178
-1123
-1035
-989
-939
-851
-774
-710
-561
-435
-307
177
307
435
532
640
710
774
833
888
923
956
989
989
1004
