3403
3435
3485
3700
4098
4166
4463
4492
4727
4779
4935
4664
5011
5066
5034
5050
5053
5245
5402
5188
5201
5176
5204
5310
5357
5332
5469
5466
5412
5433
5445
5454
5442
5424
5427
5402
5369
5366
5378
5399
5366
5363
5332
5217
5267
5245
5251
5031
5073
4932
4741
4793
4654
4185
4221
3912
3521
2977
2370
1137
-1568
-1578
-1937
-2694
-3197
-3251
-3275
-3280
-3280
-3280
-3261
-3275
-3256
-3112
-2842
-2819
-2808
-2836
-2780
-2705
-2518
-2168
-2071
-1647
-851
-753
-469
0
177
469
532
561
640
753
972
1065
1137
1217
1352
1432
1496
1618
1647
1731
1820
1921
2001
2056
2101
2175
2246
2322
2389
2622
2723
2774
2797
2831
2814
2803
2819
2858
2869
2918
2951
2967
2998
3030
3030
3081
3102
3092
3097
3137
3157
3192
3231
3280
3313
3318
3280
3275
3280
3313
3323
3323
3365
3365
3384
3226
3246
3217
3275
3304
3444
3467
3453
3449
3403
3393
3384
3384
3375
3375
3375
3389
3426
3430
3476
3738
3776
3940
3995
4114
4259
4328
4358
4499
4793
4786
4814
4848
4981
4995
5011
5031
5024
5034
5053
5086
5298
5267
5286
5304
5304
5289
5472
5472
5499
5514
5396
5430
5466
5469
5487
5496
5469
5436
5463
5320
5112
5150
5134
4932
4991
5001
5004
5004
4800
4554
4499
4366
3968
3618
2858
851
833
-355
-1854
-2499
-2628
-2886
-3172
-3182
-3236
-3246
-3265
-3236
-3217
-3182
-3152
-3102
-3061
-2998
-2951
-2886
-2640
-2146
-2071
-2033
-2025
-1962
-1598
-956
-732
-664
0
561
732
833
833
972
1398
1507
1608
1666
2001
2033
2101
2109
2146
2218
2175
2175
2225
2232
2246
2274
2316
2383
2442
2518
2740
2682
2658
2694
2728
2734
2757
2819
2847
3097
3097
3142
3167
3167
3187
3187
3167
3192
3177
3197
3192
3187
3202
3222
3222
3167
3202
3222
3217
3192
3207
3207
3162
3207
3197
3231
3207
3197
3246
3285
3289
3285
3304
3313
3318
3275
3241
3289
3275
3226
3226
3261
3313
3503
3768
4302
4328
4328
4286
4459
4485
4727
4700
4727
5018
5050
5089
5070
5063
5099
5112
5137
5166
5160
5144
5239
5229
5239
5245
5347
5313
5292
5289
5313
5412
5421
5421
5523
5567
5418
5396
5363
5381
5248
5254
5223
5182
5169
5185
5188
5083
4769
4714
4727
4672
4514
4298
3517
2972
2175
2161
1837
561
-2302
-2831
-2902
-2967
-2998
-3035
-3087
-3107
-3102
-3092
-3061
-3056
-3081
-3045
-2891
-2875
-2682
-2356
-2281
-2197
-2056
-1970
-1637
-1454
-1341
-1256
-1065
-397
502
833
939
972
989
1164
1329
1387
1454
1475
1507
1486
1767
1879
1986
2009
2017
2109
2131
2218
2246
2274
2322
2343
2356
2537
2555
2524
2723
2763
2786
2791
2875
2886
2897
2961
2988
2945
2967
2977
3019
3071
3097
3097
3152
3212
3231
3231
3265
3275
3289
3313
3289
3318
3356
3384
3361
3332
3346
3318
3285
3275
3323
3299
3270
3299
3313
3342
3356
3356
3351
3370
3370
3375
3356
3337
3370
3384
3421
3439
3494
3721
4305
4328
4336
4503
4489
4489
4640
4703
4769
4786
4962
5001
4968
4985
5027
5070
5188
5232
5335
5369
5347
5326
5310
5276
5276
5289
5289
5326
5427
5421
5393
5393
5421
5445
5469
5430
5408
5301
5257
5141
5141
5172
5141
4932
4908
4888
4854
4700
4689
4661
4514
3936
3332
2225
-589
-615
-1243
-2246
-2836
-2951
-3207
-3222
-3241
-3256
-3212
-3172
-3132
-3107
-3076
-3087
-3056
-2853
-2403
-2356
-2239
-2182
-2116
-2025
-1647
-1454
-1387
-1352
-1305
-1217
-1035
851
989
1217
1398
1517
1568
1647
1731
1722
1794
